mode: atomic
github.com/diegofsousa/explicAI/cmd/main.go:13.13,20.2 4 0
github.com/diegofsousa/explicAI/cmd/main.go:22.17,25.26 3 0
github.com/diegofsousa/explicAI/cmd/main.go:26.22,27.78 1 0
github.com/diegofsousa/explicAI/cmd/main.go:28.23,29.79 1 0
github.com/diegofsousa/explicAI/configuration/application.go:23.73,36.2 6 0
github.com/diegofsousa/explicAI/configuration/application.go:38.31,47.2 5 0
github.com/diegofsousa/explicAI/configuration/application.go:49.45,57.2 2 0
github.com/diegofsousa/explicAI/configuration/application.go:59.61,62.2 2 0
github.com/diegofsousa/explicAI/configuration/application.go:64.63,65.54 1 0
github.com/diegofsousa/explicAI/configuration/application.go:65.54,66.37 1 0
github.com/diegofsousa/explicAI/configuration/application.go:66.37,79.4 5 0
github.com/diegofsousa/explicAI/configuration/clients.go:16.47,21.2 1 0
github.com/diegofsousa/explicAI/configuration/clients.go:23.78,31.2 1 0
github.com/diegofsousa/explicAI/configuration/clients.go:33.66,41.2 1 0
github.com/diegofsousa/explicAI/configuration/configuration.go:17.26,21.24 3 0
github.com/diegofsousa/explicAI/configuration/configuration.go:21.24,24.3 1 0
github.com/diegofsousa/explicAI/configuration/configuration.go:26.2,26.15 1 0
github.com/diegofsousa/explicAI/configuration/configuration.go:29.23,43.2 13 0
github.com/diegofsousa/explicAI/internal/gateway/mocks/audiotranscript.go:20.63,22.2 1 0
github.com/diegofsousa/explicAI/internal/gateway/mocks/audiotranscript.go:25.91,28.19 2 0
github.com/diegofsousa/explicAI/internal/gateway/mocks/audiotranscript.go:28.19,29.52 1 0
github.com/diegofsousa/explicAI/internal/gateway/mocks/audiotranscript.go:32.2,34.79 3 0
github.com/diegofsousa/explicAI/internal/gateway/mocks/audiotranscript.go:34.79,36.3 1 0
github.com/diegofsousa/explicAI/internal/gateway/mocks/audiotranscript.go:37.2,37.70 1 0
github.com/diegofsousa/explicAI/internal/gateway/mocks/audiotranscript.go:37.70,39.3 1 0
github.com/diegofsousa/explicAI/internal/gateway/mocks/audiotranscript.go:39.8,40.24 1 0
github.com/diegofsousa/explicAI/internal/gateway/mocks/audiotranscript.go:40.24,42.4 1 0
github.com/diegofsousa/explicAI/internal/gateway/mocks/audiotranscript.go:45.2,45.68 1 0
github.com/diegofsousa/explicAI/internal/gateway/mocks/audiotranscript.go:45.68,47.3 1 0
github.com/diegofsousa/explicAI/internal/gateway/mocks/audiotranscript.go:47.8,49.3 1 0
github.com/diegofsousa/explicAI/internal/gateway/mocks/audiotranscript.go:51.2,51.15 1 0
github.com/diegofsousa/explicAI/internal/gateway/mocks/audiotranscript.go:62.117,64.2 1 0
github.com/diegofsousa/explicAI/internal/gateway/mocks/audiotranscript.go:66.126,67.40 1 0
github.com/diegofsousa/explicAI/internal/gateway/mocks/audiotranscript.go:67.40,69.3 1 0
github.com/diegofsousa/explicAI/internal/gateway/mocks/audiotranscript.go:70.2,70.11 1 0
github.com/diegofsousa/explicAI/internal/gateway/mocks/audiotranscript.go:73.108,76.2 2 0
github.com/diegofsousa/explicAI/internal/gateway/mocks/audiotranscript.go:78.142,81.2 2 0
github.com/diegofsousa/explicAI/internal/gateway/mocks/audiotranscript.go:88.21,92.19 3 0
github.com/diegofsousa/explicAI/internal/gateway/mocks/audiotranscript.go:92.19,92.49 1 0
github.com/diegofsousa/explicAI/internal/gateway/mocks/audiotranscript.go:94.2,94.13 1 0
github.com/diegofsousa/explicAI/internal/gateway/mocks/repository.go:23.53,25.2 1 0
github.com/diegofsousa/explicAI/internal/gateway/mocks/repository.go:28.125,31.19 2 0
github.com/diegofsousa/explicAI/internal/gateway/mocks/repository.go:31.19,32.55 1 0
github.com/diegofsousa/explicAI/internal/gateway/mocks/repository.go:35.2,37.114 3 0
github.com/diegofsousa/explicAI/internal/gateway/mocks/repository.go:37.114,39.3 1 0
github.com/diegofsousa/explicAI/internal/gateway/mocks/repository.go:40.2,40.105 1 0
github.com/diegofsousa/explicAI/internal/gateway/mocks/repository.go:40.105,42.3 1 0
github.com/diegofsousa/explicAI/internal/gateway/mocks/repository.go:42.8,43.24 1 0
github.com/diegofsousa/explicAI/internal/gateway/mocks/repository.go:43.24,45.4 1 0
github.com/diegofsousa/explicAI/internal/gateway/mocks/repository.go:48.2,48.79 1 0
github.com/diegofsousa/explicAI/internal/gateway/mocks/repository.go:48.79,50.3 1 0
github.com/diegofsousa/explicAI/internal/gateway/mocks/repository.go:50.8,52.3 1 0
github.com/diegofsousa/explicAI/internal/gateway/mocks/repository.go:54.2,54.15 1 0
github.com/diegofsousa/explicAI/internal/gateway/mocks/repository.go:65.114,67.2 1 0
github.com/diegofsousa/explicAI/internal/gateway/mocks/repository.go:69.134,70.40 1 0
github.com/diegofsousa/explicAI/internal/gateway/mocks/repository.go:70.40,72.3 1 0
github.com/diegofsousa/explicAI/internal/gateway/mocks/repository.go:73.2,73.11 1 0
github.com/diegofsousa/explicAI/internal/gateway/mocks/repository.go:76.128,79.2 2 0
github.com/diegofsousa/explicAI/internal/gateway/mocks/repository.go:81.173,84.2 2 0
github.com/diegofsousa/explicAI/internal/gateway/mocks/repository.go:87.98,90.19 2 0
github.com/diegofsousa/explicAI/internal/gateway/mocks/repository.go:90.19,91.67 1 0
github.com/diegofsousa/explicAI/internal/gateway/mocks/repository.go:94.2,95.71 2 0
github.com/diegofsousa/explicAI/internal/gateway/mocks/repository.go:95.71,97.3 1 0
github.com/diegofsousa/explicAI/internal/gateway/mocks/repository.go:97.8,99.3 1 0
github.com/diegofsousa/explicAI/internal/gateway/mocks/repository.go:101.2,101.11 1 0
github.com/diegofsousa/explicAI/internal/gateway/mocks/repository.go:112.142,114.2 1 0
github.com/diegofsousa/explicAI/internal/gateway/mocks/repository.go:116.154,117.40 1 0
github.com/diegofsousa/explicAI/internal/gateway/mocks/repository.go:117.40,119.3 1 0
github.com/diegofsousa/explicAI/internal/gateway/mocks/repository.go:120.2,120.11 1 0
github.com/diegofsousa/explicAI/internal/gateway/mocks/repository.go:123.115,126.2 2 0
github.com/diegofsousa/explicAI/internal/gateway/mocks/repository.go:128.154,131.2 2 0
github.com/diegofsousa/explicAI/internal/gateway/mocks/repository.go:134.93,137.19 2 0
github.com/diegofsousa/explicAI/internal/gateway/mocks/repository.go:137.19,138.54 1 0
github.com/diegofsousa/explicAI/internal/gateway/mocks/repository.go:141.2,143.90 3 0
github.com/diegofsousa/explicAI/internal/gateway/mocks/repository.go:143.90,145.3 1 0
github.com/diegofsousa/explicAI/internal/gateway/mocks/repository.go:146.2,146.81 1 0
github.com/diegofsousa/explicAI/internal/gateway/mocks/repository.go:146.81,148.3 1 0
github.com/diegofsousa/explicAI/internal/gateway/mocks/repository.go:148.8,149.24 1 0
github.com/diegofsousa/explicAI/internal/gateway/mocks/repository.go:149.24,151.4 1 0
github.com/diegofsousa/explicAI/internal/gateway/mocks/repository.go:154.2,154.60 1 0
github.com/diegofsousa/explicAI/internal/gateway/mocks/repository.go:154.60,156.3 1 0
github.com/diegofsousa/explicAI/internal/gateway/mocks/repository.go:156.8,158.3 1 0
github.com/diegofsousa/explicAI/internal/gateway/mocks/repository.go:160.2,160.15 1 0
github.com/diegofsousa/explicAI/internal/gateway/mocks/repository.go:170.92,172.2 1 0
github.com/diegofsousa/explicAI/internal/gateway/mocks/repository.go:174.106,175.40 1 0
github.com/diegofsousa/explicAI/internal/gateway/mocks/repository.go:175.40,177.3 1 0
github.com/diegofsousa/explicAI/internal/gateway/mocks/repository.go:178.2,178.11 1 0
github.com/diegofsousa/explicAI/internal/gateway/mocks/repository.go:181.121,184.2 2 0
github.com/diegofsousa/explicAI/internal/gateway/mocks/repository.go:186.147,189.2 2 0
github.com/diegofsousa/explicAI/internal/gateway/mocks/repository.go:192.124,195.19 2 0
github.com/diegofsousa/explicAI/internal/gateway/mocks/repository.go:195.19,196.64 1 0
github.com/diegofsousa/explicAI/internal/gateway/mocks/repository.go:199.2,201.100 3 0
github.com/diegofsousa/explicAI/internal/gateway/mocks/repository.go:201.100,203.3 1 0
github.com/diegofsousa/explicAI/internal/gateway/mocks/repository.go:204.2,204.91 1 0
github.com/diegofsousa/explicAI/internal/gateway/mocks/repository.go:204.91,206.3 1 0
github.com/diegofsousa/explicAI/internal/gateway/mocks/repository.go:206.8,207.24 1 0
github.com/diegofsousa/explicAI/internal/gateway/mocks/repository.go:207.24,209.4 1 0
github.com/diegofsousa/explicAI/internal/gateway/mocks/repository.go:212.2,212.71 1 0
github.com/diegofsousa/explicAI/internal/gateway/mocks/repository.go:212.71,214.3 1 0
github.com/diegofsousa/explicAI/internal/gateway/mocks/repository.go:214.8,216.3 1 0
github.com/diegofsousa/explicAI/internal/gateway/mocks/repository.go:218.2,218.15 1 0
github.com/diegofsousa/explicAI/internal/gateway/mocks/repository.go:229.136,231.2 1 0
github.com/diegofsousa/explicAI/internal/gateway/mocks/repository.go:233.148,234.40 1 0
github.com/diegofsousa/explicAI/internal/gateway/mocks/repository.go:234.40,236.3 1 0
github.com/diegofsousa/explicAI/internal/gateway/mocks/repository.go:237.2,237.11 1 0
github.com/diegofsousa/explicAI/internal/gateway/mocks/repository.go:240.140,243.2 2 0
github.com/diegofsousa/explicAI/internal/gateway/mocks/repository.go:245.177,248.2 2 0
github.com/diegofsousa/explicAI/internal/gateway/mocks/repository.go:251.121,254.19 2 0
github.com/diegofsousa/explicAI/internal/gateway/mocks/repository.go:254.19,255.65 1 0
github.com/diegofsousa/explicAI/internal/gateway/mocks/repository.go:258.2,259.101 2 0
github.com/diegofsousa/explicAI/internal/gateway/mocks/repository.go:259.101,261.3 1 0
github.com/diegofsousa/explicAI/internal/gateway/mocks/repository.go:261.8,263.3 1 0
github.com/diegofsousa/explicAI/internal/gateway/mocks/repository.go:265.2,265.11 1 0
github.com/diegofsousa/explicAI/internal/gateway/mocks/repository.go:276.133,278.2 1 0
github.com/diegofsousa/explicAI/internal/gateway/mocks/repository.go:280.175,281.40 1 0
github.com/diegofsousa/explicAI/internal/gateway/mocks/repository.go:281.40,283.3 1 0
github.com/diegofsousa/explicAI/internal/gateway/mocks/repository.go:284.2,284.11 1 0
github.com/diegofsousa/explicAI/internal/gateway/mocks/repository.go:287.111,290.2 2 0
github.com/diegofsousa/explicAI/internal/gateway/mocks/repository.go:292.180,295.2 2 0
github.com/diegofsousa/explicAI/internal/gateway/mocks/repository.go:298.123,301.19 2 0
github.com/diegofsousa/explicAI/internal/gateway/mocks/repository.go:301.19,302.66 1 0
github.com/diegofsousa/explicAI/internal/gateway/mocks/repository.go:305.2,306.102 2 0
github.com/diegofsousa/explicAI/internal/gateway/mocks/repository.go:306.102,308.3 1 0
github.com/diegofsousa/explicAI/internal/gateway/mocks/repository.go:308.8,310.3 1 0
github.com/diegofsousa/explicAI/internal/gateway/mocks/repository.go:312.2,312.11 1 0
github.com/diegofsousa/explicAI/internal/gateway/mocks/repository.go:323.135,325.2 1 0
github.com/diegofsousa/explicAI/internal/gateway/mocks/repository.go:327.178,328.40 1 0
github.com/diegofsousa/explicAI/internal/gateway/mocks/repository.go:328.40,330.3 1 0
github.com/diegofsousa/explicAI/internal/gateway/mocks/repository.go:331.2,331.11 1 0
github.com/diegofsousa/explicAI/internal/gateway/mocks/repository.go:334.113,337.2 2 0
github.com/diegofsousa/explicAI/internal/gateway/mocks/repository.go:339.183,342.2 2 0
github.com/diegofsousa/explicAI/internal/gateway/mocks/repository.go:349.16,353.19 3 0
github.com/diegofsousa/explicAI/internal/gateway/mocks/repository.go:353.19,353.49 1 0
github.com/diegofsousa/explicAI/internal/gateway/mocks/repository.go:355.2,355.13 1 0
github.com/diegofsousa/explicAI/internal/gateway/mocks/summarize.go:21.51,23.2 1 0
github.com/diegofsousa/explicAI/internal/gateway/mocks/summarize.go:26.99,29.19 2 0
github.com/diegofsousa/explicAI/internal/gateway/mocks/summarize.go:29.19,30.58 1 0
github.com/diegofsousa/explicAI/internal/gateway/mocks/summarize.go:33.2,35.79 3 0
github.com/diegofsousa/explicAI/internal/gateway/mocks/summarize.go:35.79,37.3 1 0
github.com/diegofsousa/explicAI/internal/gateway/mocks/summarize.go:38.2,38.70 1 0
github.com/diegofsousa/explicAI/internal/gateway/mocks/summarize.go:38.70,40.3 1 0
github.com/diegofsousa/explicAI/internal/gateway/mocks/summarize.go:40.8,41.24 1 0
github.com/diegofsousa/explicAI/internal/gateway/mocks/summarize.go:41.24,43.4 1 0
github.com/diegofsousa/explicAI/internal/gateway/mocks/summarize.go:46.2,46.68 1 0
github.com/diegofsousa/explicAI/internal/gateway/mocks/summarize.go:46.68,48.3 1 0
github.com/diegofsousa/explicAI/internal/gateway/mocks/summarize.go:48.8,50.3 1 0
github.com/diegofsousa/explicAI/internal/gateway/mocks/summarize.go:52.2,52.15 1 0
github.com/diegofsousa/explicAI/internal/gateway/mocks/summarize.go:63.125,65.2 1 0
github.com/diegofsousa/explicAI/internal/gateway/mocks/summarize.go:67.134,68.40 1 0
github.com/diegofsousa/explicAI/internal/gateway/mocks/summarize.go:68.40,70.3 1 0
github.com/diegofsousa/explicAI/internal/gateway/mocks/summarize.go:71.2,71.11 1 0
github.com/diegofsousa/explicAI/internal/gateway/mocks/summarize.go:74.108,77.2 2 0
github.com/diegofsousa/explicAI/internal/gateway/mocks/summarize.go:79.142,82.2 2 0
github.com/diegofsousa/explicAI/internal/gateway/mocks/summarize.go:85.105,88.19 2 0
github.com/diegofsousa/explicAI/internal/gateway/mocks/summarize.go:88.19,89.48 1 0
github.com/diegofsousa/explicAI/internal/gateway/mocks/summarize.go:92.2,94.95 3 0
github.com/diegofsousa/explicAI/internal/gateway/mocks/summarize.go:94.95,96.3 1 0
github.com/diegofsousa/explicAI/internal/gateway/mocks/summarize.go:97.2,97.86 1 0
github.com/diegofsousa/explicAI/internal/gateway/mocks/summarize.go:97.86,99.3 1 0
github.com/diegofsousa/explicAI/internal/gateway/mocks/summarize.go:99.8,100.24 1 0
github.com/diegofsousa/explicAI/internal/gateway/mocks/summarize.go:100.24,102.4 1 0
github.com/diegofsousa/explicAI/internal/gateway/mocks/summarize.go:105.2,105.68 1 0
github.com/diegofsousa/explicAI/internal/gateway/mocks/summarize.go:105.68,107.3 1 0
github.com/diegofsousa/explicAI/internal/gateway/mocks/summarize.go:107.8,109.3 1 0
github.com/diegofsousa/explicAI/internal/gateway/mocks/summarize.go:111.2,111.15 1 0
github.com/diegofsousa/explicAI/internal/gateway/mocks/summarize.go:122.105,124.2 1 0
github.com/diegofsousa/explicAI/internal/gateway/mocks/summarize.go:126.114,127.40 1 0
github.com/diegofsousa/explicAI/internal/gateway/mocks/summarize.go:127.40,129.3 1 0
github.com/diegofsousa/explicAI/internal/gateway/mocks/summarize.go:130.2,130.11 1 0
github.com/diegofsousa/explicAI/internal/gateway/mocks/summarize.go:133.104,136.2 2 0
github.com/diegofsousa/explicAI/internal/gateway/mocks/summarize.go:138.138,141.2 2 0
github.com/diegofsousa/explicAI/internal/gateway/mocks/summarize.go:148.15,152.19 3 0
github.com/diegofsousa/explicAI/internal/gateway/mocks/summarize.go:152.19,152.49 1 0
github.com/diegofsousa/explicAI/internal/gateway/mocks/summarize.go:154.2,154.13 1 0
github.com/diegofsousa/explicAI/internal/application/service/mocks/summary.go:23.61,25.2 1 0
github.com/diegofsousa/explicAI/internal/application/service/mocks/summary.go:28.134,31.19 2 0
github.com/diegofsousa/explicAI/internal/application/service/mocks/summary.go:31.19,32.75 1 0
github.com/diegofsousa/explicAI/internal/application/service/mocks/summary.go:35.2,37.100 3 0
github.com/diegofsousa/explicAI/internal/application/service/mocks/summary.go:37.100,39.3 1 0
github.com/diegofsousa/explicAI/internal/application/service/mocks/summary.go:40.2,40.91 1 0
github.com/diegofsousa/explicAI/internal/application/service/mocks/summary.go:40.91,42.3 1 0
github.com/diegofsousa/explicAI/internal/application/service/mocks/summary.go:42.8,43.24 1 0
github.com/diegofsousa/explicAI/internal/application/service/mocks/summary.go:43.24,45.4 1 0
github.com/diegofsousa/explicAI/internal/application/service/mocks/summary.go:48.2,48.68 1 0
github.com/diegofsousa/explicAI/internal/application/service/mocks/summary.go:48.68,50.3 1 0
github.com/diegofsousa/explicAI/internal/application/service/mocks/summary.go:50.8,52.3 1 0
github.com/diegofsousa/explicAI/internal/application/service/mocks/summary.go:54.2,54.15 1 0
github.com/diegofsousa/explicAI/internal/application/service/mocks/summary.go:65.161,67.2 1 0
github.com/diegofsousa/explicAI/internal/application/service/mocks/summary.go:69.170,70.40 1 0
github.com/diegofsousa/explicAI/internal/application/service/mocks/summary.go:70.40,72.3 1 0
github.com/diegofsousa/explicAI/internal/application/service/mocks/summary.go:73.2,73.11 1 0
github.com/diegofsousa/explicAI/internal/application/service/mocks/summary.go:76.173,79.2 2 0
github.com/diegofsousa/explicAI/internal/application/service/mocks/summary.go:81.207,84.2 2 0
github.com/diegofsousa/explicAI/internal/application/service/mocks/summary.go:87.102,90.19 2 0
github.com/diegofsousa/explicAI/internal/application/service/mocks/summary.go:90.19,91.67 1 0
github.com/diegofsousa/explicAI/internal/application/service/mocks/summary.go:94.2,95.71 2 0
github.com/diegofsousa/explicAI/internal/application/service/mocks/summary.go:95.71,97.3 1 0
github.com/diegofsousa/explicAI/internal/application/service/mocks/summary.go:97.8,99.3 1 0
github.com/diegofsousa/explicAI/internal/application/service/mocks/summary.go:101.2,101.11 1 0
github.com/diegofsousa/explicAI/internal/application/service/mocks/summary.go:112.150,114.2 1 0
github.com/diegofsousa/explicAI/internal/application/service/mocks/summary.go:116.162,117.40 1 0
github.com/diegofsousa/explicAI/internal/application/service/mocks/summary.go:117.40,119.3 1 0
github.com/diegofsousa/explicAI/internal/application/service/mocks/summary.go:120.2,120.11 1 0
github.com/diegofsousa/explicAI/internal/application/service/mocks/summary.go:123.123,126.2 2 0
github.com/diegofsousa/explicAI/internal/application/service/mocks/summary.go:128.162,131.2 2 0
github.com/diegofsousa/explicAI/internal/application/service/mocks/summary.go:134.133,137.19 2 0
github.com/diegofsousa/explicAI/internal/application/service/mocks/summary.go:137.19,138.64 1 0
github.com/diegofsousa/explicAI/internal/application/service/mocks/summary.go:141.2,143.105 3 0
github.com/diegofsousa/explicAI/internal/application/service/mocks/summary.go:143.105,145.3 1 0
github.com/diegofsousa/explicAI/internal/application/service/mocks/summary.go:146.2,146.96 1 0
github.com/diegofsousa/explicAI/internal/application/service/mocks/summary.go:146.96,148.3 1 0
github.com/diegofsousa/explicAI/internal/application/service/mocks/summary.go:148.8,149.24 1 0
github.com/diegofsousa/explicAI/internal/application/service/mocks/summary.go:149.24,151.4 1 0
github.com/diegofsousa/explicAI/internal/application/service/mocks/summary.go:154.2,154.71 1 0
github.com/diegofsousa/explicAI/internal/application/service/mocks/summary.go:154.71,156.3 1 0
github.com/diegofsousa/explicAI/internal/application/service/mocks/summary.go:156.8,158.3 1 0
github.com/diegofsousa/explicAI/internal/application/service/mocks/summary.go:160.2,160.15 1 0
github.com/diegofsousa/explicAI/internal/application/service/mocks/summary.go:171.144,173.2 1 0
github.com/diegofsousa/explicAI/internal/application/service/mocks/summary.go:175.156,176.40 1 0
github.com/diegofsousa/explicAI/internal/application/service/mocks/summary.go:176.40,178.3 1 0
github.com/diegofsousa/explicAI/internal/application/service/mocks/summary.go:179.2,179.11 1 0
github.com/diegofsousa/explicAI/internal/application/service/mocks/summary.go:182.153,185.2 2 0
github.com/diegofsousa/explicAI/internal/application/service/mocks/summary.go:187.190,190.2 2 0
github.com/diegofsousa/explicAI/internal/application/service/mocks/summary.go:193.98,196.19 2 0
github.com/diegofsousa/explicAI/internal/application/service/mocks/summary.go:196.19,197.55 1 0
github.com/diegofsousa/explicAI/internal/application/service/mocks/summary.go:200.2,202.90 3 0
github.com/diegofsousa/explicAI/internal/application/service/mocks/summary.go:202.90,204.3 1 0
github.com/diegofsousa/explicAI/internal/application/service/mocks/summary.go:205.2,205.81 1 0
github.com/diegofsousa/explicAI/internal/application/service/mocks/summary.go:205.81,207.3 1 0
github.com/diegofsousa/explicAI/internal/application/service/mocks/summary.go:207.8,208.24 1 0
github.com/diegofsousa/explicAI/internal/application/service/mocks/summary.go:208.24,210.4 1 0
github.com/diegofsousa/explicAI/internal/application/service/mocks/summary.go:213.2,213.60 1 0
github.com/diegofsousa/explicAI/internal/application/service/mocks/summary.go:213.60,215.3 1 0
github.com/diegofsousa/explicAI/internal/application/service/mocks/summary.go:215.8,217.3 1 0
github.com/diegofsousa/explicAI/internal/application/service/mocks/summary.go:219.2,219.15 1 0
github.com/diegofsousa/explicAI/internal/application/service/mocks/summary.go:229.102,231.2 1 0
github.com/diegofsousa/explicAI/internal/application/service/mocks/summary.go:233.116,234.40 1 0
github.com/diegofsousa/explicAI/internal/application/service/mocks/summary.go:234.40,236.3 1 0
github.com/diegofsousa/explicAI/internal/application/service/mocks/summary.go:237.2,237.11 1 0
github.com/diegofsousa/explicAI/internal/application/service/mocks/summary.go:240.131,243.2 2 0
github.com/diegofsousa/explicAI/internal/application/service/mocks/summary.go:245.157,248.2 2 0
github.com/diegofsousa/explicAI/internal/application/service/mocks/summary.go:255.20,259.19 3 0
github.com/diegofsousa/explicAI/internal/application/service/mocks/summary.go:259.19,259.49 1 0
github.com/diegofsousa/explicAI/internal/application/service/mocks/summary.go:261.2,261.13 1 0
github.com/diegofsousa/explicAI/internal/infrastructure/clients/basehttp.go:16.57,24.2 2 0
github.com/diegofsousa/explicAI/internal/infrastructure/clients/testutil.go:20.81,23.16 3 0
github.com/diegofsousa/explicAI/internal/infrastructure/clients/testutil.go:23.16,24.51 1 0
github.com/diegofsousa/explicAI/internal/infrastructure/clients/testutil.go:26.2,29.15 4 0
github.com/diegofsousa/explicAI/internal/infrastructure/clients/testutil.go:32.64,33.54 1 0
github.com/diegofsousa/explicAI/internal/infrastructure/clients/testutil.go:33.54,34.77 1 0
github.com/diegofsousa/explicAI/internal/infrastructure/clients/testutil.go:34.77,37.4 2 0
github.com/diegofsousa/explicAI/internal/infrastructure/clients/testutil.go:39.3,39.69 1 0
github.com/diegofsousa/explicAI/internal/infrastructure/clients/testutil.go:43.87,46.27 3 0
github.com/diegofsousa/explicAI/internal/infrastructure/clients/testutil.go:46.27,48.3 1 0
github.com/diegofsousa/explicAI/internal/infrastructure/errors/error.go:10.46,11.27 1 0
github.com/diegofsousa/explicAI/internal/infrastructure/errors/error.go:12.89,13.28 1 0
github.com/diegofsousa/explicAI/internal/infrastructure/errors/error.go:14.35,15.26 1 0
github.com/diegofsousa/explicAI/internal/infrastructure/errors/error.go:16.34,17.37 1 0
github.com/diegofsousa/explicAI/internal/infrastructure/errors/error.go:18.10,19.37 1 0
github.com/diegofsousa/explicAI/internal/infrastructure/log/util.go:11.29,13.16 2 0
github.com/diegofsousa/explicAI/internal/infrastructure/log/util.go:13.16,15.13 2 0
github.com/diegofsousa/explicAI/internal/infrastructure/log/util.go:17.2,18.15 2 0
github.com/diegofsousa/explicAI/internal/infrastructure/log/util.go:21.43,27.2 4 0
github.com/diegofsousa/explicAI/internal/infrastructure/log/util.go:29.60,31.9 2 0
github.com/diegofsousa/explicAI/internal/infrastructure/log/util.go:31.9,33.3 1 0
github.com/diegofsousa/explicAI/internal/infrastructure/log/util.go:34.2,34.15 1 0
github.com/diegofsousa/explicAI/internal/infrastructure/log/util.go:37.72,39.19 2 0
github.com/diegofsousa/explicAI/internal/infrastructure/log/util.go:39.19,41.3 1 0
github.com/diegofsousa/explicAI/internal/infrastructure/log/util.go:44.84,46.19 2 0
github.com/diegofsousa/explicAI/internal/infrastructure/log/util.go:46.19,48.3 1 0
github.com/diegofsousa/explicAI/internal/infrastructure/log/util.go:51.72,53.19 2 0
github.com/diegofsousa/explicAI/internal/infrastructure/log/util.go:53.19,55.3 1 0
github.com/diegofsousa/explicAI/internal/infrastructure/log/util.go:58.73,60.19 2 0
github.com/diegofsousa/explicAI/internal/infrastructure/log/util.go:60.19,62.3 1 0
github.com/diegofsousa/explicAI/internal/application/service/summary.go:33.12,39.2 1 14
github.com/diegofsousa/explicAI/internal/application/service/summary.go:41.118,44.16 2 2
github.com/diegofsousa/explicAI/internal/application/service/summary.go:44.16,47.3 2 1
github.com/diegofsousa/explicAI/internal/application/service/summary.go:49.2,55.22 4 1
github.com/diegofsousa/explicAI/internal/application/service/summary.go:55.22,57.3 1 1
github.com/diegofsousa/explicAI/internal/application/service/summary.go:59.2,65.8 1 1
github.com/diegofsousa/explicAI/internal/application/service/summary.go:68.82,70.16 2 2
github.com/diegofsousa/explicAI/internal/application/service/summary.go:70.16,73.3 2 1
github.com/diegofsousa/explicAI/internal/application/service/summary.go:75.2,77.32 2 1
github.com/diegofsousa/explicAI/internal/application/service/summary.go:77.32,87.3 1 2
github.com/diegofsousa/explicAI/internal/application/service/summary.go:89.2,91.8 1 1
github.com/diegofsousa/explicAI/internal/application/service/summary.go:94.117,96.40 2 3
github.com/diegofsousa/explicAI/internal/application/service/summary.go:96.40,98.3 1 1
github.com/diegofsousa/explicAI/internal/application/service/summary.go:100.2,100.16 1 2
github.com/diegofsousa/explicAI/internal/application/service/summary.go:100.16,103.3 2 1
github.com/diegofsousa/explicAI/internal/application/service/summary.go:105.2,116.8 1 1
github.com/diegofsousa/explicAI/internal/application/service/summary.go:119.94,122.40 2 3
github.com/diegofsousa/explicAI/internal/application/service/summary.go:122.40,124.3 1 1
github.com/diegofsousa/explicAI/internal/application/service/summary.go:126.2,126.16 1 2
github.com/diegofsousa/explicAI/internal/application/service/summary.go:126.16,129.3 2 1
github.com/diegofsousa/explicAI/internal/application/service/summary.go:131.2,131.12 1 1
github.com/diegofsousa/explicAI/internal/application/service/summary.go:139.3,142.16 3 5
github.com/diegofsousa/explicAI/internal/application/service/summary.go:142.16,144.3 1 1
github.com/diegofsousa/explicAI/internal/application/service/summary.go:146.2,150.20 4 4
github.com/diegofsousa/explicAI/internal/application/service/summary.go:150.20,150.82 1 4
github.com/diegofsousa/explicAI/internal/application/service/summary.go:151.2,151.20 1 4
github.com/diegofsousa/explicAI/internal/application/service/summary.go:151.20,151.86 1 4
github.com/diegofsousa/explicAI/internal/application/service/summary.go:153.2,153.21 1 4
github.com/diegofsousa/explicAI/internal/application/service/summary.go:153.21,156.3 2 2
github.com/diegofsousa/explicAI/internal/application/service/summary.go:158.2,158.64 1 1
github.com/diegofsousa/explicAI/internal/application/service/summary.go:165.20,168.16 3 5
github.com/diegofsousa/explicAI/internal/application/service/summary.go:168.16,172.3 3 1
github.com/diegofsousa/explicAI/internal/application/service/summary.go:174.2,178.27 3 4
github.com/diegofsousa/explicAI/internal/application/service/summary.go:181.88,186.18 1 4
github.com/diegofsousa/explicAI/internal/application/service/summary.go:186.18,188.3 1 0
github.com/diegofsousa/explicAI/internal/application/service/summary.go:191.87,197.18 1 1
github.com/diegofsousa/explicAI/internal/application/service/summary.go:197.18,199.3 1 0
github.com/diegofsousa/explicAI/internal/application/service/summary.go:206.9,209.16 3 4
github.com/diegofsousa/explicAI/internal/application/service/summary.go:209.16,212.3 2 1
github.com/diegofsousa/explicAI/internal/application/service/summary.go:214.2,216.12 3 3
github.com/diegofsousa/explicAI/internal/application/service/summary.go:223.9,226.16 3 4
github.com/diegofsousa/explicAI/internal/application/service/summary.go:226.16,229.3 2 1
github.com/diegofsousa/explicAI/internal/application/service/summary.go:231.2,233.12 3 2
github.com/diegofsousa/explicAI/internal/application/service/summary.go:241.3,251.18 1 1
github.com/diegofsousa/explicAI/internal/application/service/summary.go:251.18,253.3 1 0
github.com/diegofsousa/explicAI/internal/application/service/summary.go:256.87,261.18 1 2
github.com/diegofsousa/explicAI/internal/application/service/summary.go:261.18,263.3 1 0
github.com/diegofsousa/explicAI/internal/gateway/mocks/audiotranscript.go:20.63,22.2 1 5
github.com/diegofsousa/explicAI/internal/gateway/mocks/audiotranscript.go:25.91,28.19 2 5
github.com/diegofsousa/explicAI/internal/gateway/mocks/audiotranscript.go:28.19,29.52 1 0
github.com/diegofsousa/explicAI/internal/gateway/mocks/audiotranscript.go:32.2,34.79 3 5
github.com/diegofsousa/explicAI/internal/gateway/mocks/audiotranscript.go:34.79,36.3 1 0
github.com/diegofsousa/explicAI/internal/gateway/mocks/audiotranscript.go:37.2,37.70 1 5
github.com/diegofsousa/explicAI/internal/gateway/mocks/audiotranscript.go:37.70,39.3 1 0
github.com/diegofsousa/explicAI/internal/gateway/mocks/audiotranscript.go:39.8,40.24 1 5
github.com/diegofsousa/explicAI/internal/gateway/mocks/audiotranscript.go:40.24,42.4 1 5
github.com/diegofsousa/explicAI/internal/gateway/mocks/audiotranscript.go:45.2,45.68 1 5
github.com/diegofsousa/explicAI/internal/gateway/mocks/audiotranscript.go:45.68,47.3 1 0
github.com/diegofsousa/explicAI/internal/gateway/mocks/audiotranscript.go:47.8,49.3 1 5
github.com/diegofsousa/explicAI/internal/gateway/mocks/audiotranscript.go:51.2,51.15 1 5
github.com/diegofsousa/explicAI/internal/gateway/mocks/audiotranscript.go:62.117,64.2 1 5
github.com/diegofsousa/explicAI/internal/gateway/mocks/audiotranscript.go:66.126,67.40 1 0
github.com/diegofsousa/explicAI/internal/gateway/mocks/audiotranscript.go:67.40,69.3 1 0
github.com/diegofsousa/explicAI/internal/gateway/mocks/audiotranscript.go:70.2,70.11 1 0
github.com/diegofsousa/explicAI/internal/gateway/mocks/audiotranscript.go:73.108,76.2 2 5
github.com/diegofsousa/explicAI/internal/gateway/mocks/audiotranscript.go:78.142,81.2 2 0
github.com/diegofsousa/explicAI/internal/gateway/mocks/audiotranscript.go:88.21,92.19 3 0
github.com/diegofsousa/explicAI/internal/gateway/mocks/audiotranscript.go:92.19,92.49 1 0
github.com/diegofsousa/explicAI/internal/gateway/mocks/audiotranscript.go:94.2,94.13 1 0
github.com/diegofsousa/explicAI/internal/gateway/mocks/repository.go:23.53,25.2 1 19
github.com/diegofsousa/explicAI/internal/gateway/mocks/repository.go:28.125,31.19 2 2
github.com/diegofsousa/explicAI/internal/gateway/mocks/repository.go:31.19,32.55 1 0
github.com/diegofsousa/explicAI/internal/gateway/mocks/repository.go:35.2,37.114 3 2
github.com/diegofsousa/explicAI/internal/gateway/mocks/repository.go:37.114,39.3 1 0
github.com/diegofsousa/explicAI/internal/gateway/mocks/repository.go:40.2,40.105 1 2
github.com/diegofsousa/explicAI/internal/gateway/mocks/repository.go:40.105,42.3 1 0
github.com/diegofsousa/explicAI/internal/gateway/mocks/repository.go:42.8,43.24 1 2
github.com/diegofsousa/explicAI/internal/gateway/mocks/repository.go:43.24,45.4 1 2
github.com/diegofsousa/explicAI/internal/gateway/mocks/repository.go:48.2,48.79 1 2
github.com/diegofsousa/explicAI/internal/gateway/mocks/repository.go:48.79,50.3 1 0
github.com/diegofsousa/explicAI/internal/gateway/mocks/repository.go:50.8,52.3 1 2
github.com/diegofsousa/explicAI/internal/gateway/mocks/repository.go:54.2,54.15 1 2
github.com/diegofsousa/explicAI/internal/gateway/mocks/repository.go:65.114,67.2 1 2
github.com/diegofsousa/explicAI/internal/gateway/mocks/repository.go:69.134,70.40 1 0
github.com/diegofsousa/explicAI/internal/gateway/mocks/repository.go:70.40,72.3 1 0
github.com/diegofsousa/explicAI/internal/gateway/mocks/repository.go:73.2,73.11 1 0
github.com/diegofsousa/explicAI/internal/gateway/mocks/repository.go:76.128,79.2 2 2
github.com/diegofsousa/explicAI/internal/gateway/mocks/repository.go:81.173,84.2 2 0
github.com/diegofsousa/explicAI/internal/gateway/mocks/repository.go:87.98,90.19 2 3
github.com/diegofsousa/explicAI/internal/gateway/mocks/repository.go:90.19,91.67 1 0
github.com/diegofsousa/explicAI/internal/gateway/mocks/repository.go:94.2,95.71 2 3
github.com/diegofsousa/explicAI/internal/gateway/mocks/repository.go:95.71,97.3 1 0
github.com/diegofsousa/explicAI/internal/gateway/mocks/repository.go:97.8,99.3 1 3
github.com/diegofsousa/explicAI/internal/gateway/mocks/repository.go:101.2,101.11 1 3
github.com/diegofsousa/explicAI/internal/gateway/mocks/repository.go:112.142,114.2 1 3
github.com/diegofsousa/explicAI/internal/gateway/mocks/repository.go:116.154,117.40 1 0
github.com/diegofsousa/explicAI/internal/gateway/mocks/repository.go:117.40,119.3 1 0
github.com/diegofsousa/explicAI/internal/gateway/mocks/repository.go:120.2,120.11 1 0
github.com/diegofsousa/explicAI/internal/gateway/mocks/repository.go:123.115,126.2 2 3
github.com/diegofsousa/explicAI/internal/gateway/mocks/repository.go:128.154,131.2 2 0
github.com/diegofsousa/explicAI/internal/gateway/mocks/repository.go:134.93,137.19 2 2
github.com/diegofsousa/explicAI/internal/gateway/mocks/repository.go:137.19,138.54 1 0
github.com/diegofsousa/explicAI/internal/gateway/mocks/repository.go:141.2,143.90 3 2
github.com/diegofsousa/explicAI/internal/gateway/mocks/repository.go:143.90,145.3 1 0
github.com/diegofsousa/explicAI/internal/gateway/mocks/repository.go:146.2,146.81 1 2
github.com/diegofsousa/explicAI/internal/gateway/mocks/repository.go:146.81,148.3 1 0
github.com/diegofsousa/explicAI/internal/gateway/mocks/repository.go:148.8,149.24 1 2
github.com/diegofsousa/explicAI/internal/gateway/mocks/repository.go:149.24,151.4 1 2
github.com/diegofsousa/explicAI/internal/gateway/mocks/repository.go:154.2,154.60 1 2
github.com/diegofsousa/explicAI/internal/gateway/mocks/repository.go:154.60,156.3 1 0
github.com/diegofsousa/explicAI/internal/gateway/mocks/repository.go:156.8,158.3 1 2
github.com/diegofsousa/explicAI/internal/gateway/mocks/repository.go:160.2,160.15 1 2
github.com/diegofsousa/explicAI/internal/gateway/mocks/repository.go:170.92,172.2 1 2
github.com/diegofsousa/explicAI/internal/gateway/mocks/repository.go:174.106,175.40 1 0
github.com/diegofsousa/explicAI/internal/gateway/mocks/repository.go:175.40,177.3 1 0
github.com/diegofsousa/explicAI/internal/gateway/mocks/repository.go:178.2,178.11 1 0
github.com/diegofsousa/explicAI/internal/gateway/mocks/repository.go:181.121,184.2 2 2
github.com/diegofsousa/explicAI/internal/gateway/mocks/repository.go:186.147,189.2 2 0
github.com/diegofsousa/explicAI/internal/gateway/mocks/repository.go:192.124,195.19 2 3
github.com/diegofsousa/explicAI/internal/gateway/mocks/repository.go:195.19,196.64 1 0
github.com/diegofsousa/explicAI/internal/gateway/mocks/repository.go:199.2,201.100 3 3
github.com/diegofsousa/explicAI/internal/gateway/mocks/repository.go:201.100,203.3 1 0
github.com/diegofsousa/explicAI/internal/gateway/mocks/repository.go:204.2,204.91 1 3
github.com/diegofsousa/explicAI/internal/gateway/mocks/repository.go:204.91,206.3 1 0
github.com/diegofsousa/explicAI/internal/gateway/mocks/repository.go:206.8,207.24 1 3
github.com/diegofsousa/explicAI/internal/gateway/mocks/repository.go:207.24,209.4 1 3
github.com/diegofsousa/explicAI/internal/gateway/mocks/repository.go:212.2,212.71 1 3
github.com/diegofsousa/explicAI/internal/gateway/mocks/repository.go:212.71,214.3 1 0
github.com/diegofsousa/explicAI/internal/gateway/mocks/repository.go:214.8,216.3 1 3
github.com/diegofsousa/explicAI/internal/gateway/mocks/repository.go:218.2,218.15 1 3
github.com/diegofsousa/explicAI/internal/gateway/mocks/repository.go:229.136,231.2 1 3
github.com/diegofsousa/explicAI/internal/gateway/mocks/repository.go:233.148,234.40 1 0
github.com/diegofsousa/explicAI/internal/gateway/mocks/repository.go:234.40,236.3 1 0
github.com/diegofsousa/explicAI/internal/gateway/mocks/repository.go:237.2,237.11 1 0
github.com/diegofsousa/explicAI/internal/gateway/mocks/repository.go:240.140,243.2 2 3
github.com/diegofsousa/explicAI/internal/gateway/mocks/repository.go:245.177,248.2 2 0
github.com/diegofsousa/explicAI/internal/gateway/mocks/repository.go:251.121,254.19 2 3
github.com/diegofsousa/explicAI/internal/gateway/mocks/repository.go:254.19,255.65 1 0
github.com/diegofsousa/explicAI/internal/gateway/mocks/repository.go:258.2,259.101 2 3
github.com/diegofsousa/explicAI/internal/gateway/mocks/repository.go:259.101,261.3 1 0
github.com/diegofsousa/explicAI/internal/gateway/mocks/repository.go:261.8,263.3 1 3
github.com/diegofsousa/explicAI/internal/gateway/mocks/repository.go:265.2,265.11 1 3
github.com/diegofsousa/explicAI/internal/gateway/mocks/repository.go:276.133,278.2 1 4
github.com/diegofsousa/explicAI/internal/gateway/mocks/repository.go:280.175,281.40 1 0
github.com/diegofsousa/explicAI/internal/gateway/mocks/repository.go:281.40,283.3 1 0
github.com/diegofsousa/explicAI/internal/gateway/mocks/repository.go:284.2,284.11 1 0
github.com/diegofsousa/explicAI/internal/gateway/mocks/repository.go:287.111,290.2 2 4
github.com/diegofsousa/explicAI/internal/gateway/mocks/repository.go:292.180,295.2 2 0
github.com/diegofsousa/explicAI/internal/gateway/mocks/repository.go:298.123,301.19 2 5
github.com/diegofsousa/explicAI/internal/gateway/mocks/repository.go:301.19,302.66 1 0
github.com/diegofsousa/explicAI/internal/gateway/mocks/repository.go:305.2,306.102 2 5
github.com/diegofsousa/explicAI/internal/gateway/mocks/repository.go:306.102,308.3 1 0
github.com/diegofsousa/explicAI/internal/gateway/mocks/repository.go:308.8,310.3 1 5
github.com/diegofsousa/explicAI/internal/gateway/mocks/repository.go:312.2,312.11 1 5
github.com/diegofsousa/explicAI/internal/gateway/mocks/repository.go:323.135,325.2 1 5
github.com/diegofsousa/explicAI/internal/gateway/mocks/repository.go:327.178,328.40 1 0
github.com/diegofsousa/explicAI/internal/gateway/mocks/repository.go:328.40,330.3 1 0
github.com/diegofsousa/explicAI/internal/gateway/mocks/repository.go:331.2,331.11 1 0
github.com/diegofsousa/explicAI/internal/gateway/mocks/repository.go:334.113,337.2 2 5
github.com/diegofsousa/explicAI/internal/gateway/mocks/repository.go:339.183,342.2 2 0
github.com/diegofsousa/explicAI/internal/gateway/mocks/repository.go:349.16,353.19 3 0
github.com/diegofsousa/explicAI/internal/gateway/mocks/repository.go:353.19,353.49 1 0
github.com/diegofsousa/explicAI/internal/gateway/mocks/repository.go:355.2,355.13 1 0
github.com/diegofsousa/explicAI/internal/gateway/mocks/summarize.go:21.51,23.2 1 8
github.com/diegofsousa/explicAI/internal/gateway/mocks/summarize.go:26.99,29.19 2 4
github.com/diegofsousa/explicAI/internal/gateway/mocks/summarize.go:29.19,30.58 1 0
github.com/diegofsousa/explicAI/internal/gateway/mocks/summarize.go:33.2,35.79 3 4
github.com/diegofsousa/explicAI/internal/gateway/mocks/summarize.go:35.79,37.3 1 0
github.com/diegofsousa/explicAI/internal/gateway/mocks/summarize.go:38.2,38.70 1 4
github.com/diegofsousa/explicAI/internal/gateway/mocks/summarize.go:38.70,40.3 1 0
github.com/diegofsousa/explicAI/internal/gateway/mocks/summarize.go:40.8,41.24 1 4
github.com/diegofsousa/explicAI/internal/gateway/mocks/summarize.go:41.24,43.4 1 4
github.com/diegofsousa/explicAI/internal/gateway/mocks/summarize.go:46.2,46.68 1 4
github.com/diegofsousa/explicAI/internal/gateway/mocks/summarize.go:46.68,48.3 1 0
github.com/diegofsousa/explicAI/internal/gateway/mocks/summarize.go:48.8,50.3 1 4
github.com/diegofsousa/explicAI/internal/gateway/mocks/summarize.go:52.2,52.15 1 4
github.com/diegofsousa/explicAI/internal/gateway/mocks/summarize.go:63.125,65.2 1 4
github.com/diegofsousa/explicAI/internal/gateway/mocks/summarize.go:67.134,68.40 1 0
github.com/diegofsousa/explicAI/internal/gateway/mocks/summarize.go:68.40,70.3 1 0
github.com/diegofsousa/explicAI/internal/gateway/mocks/summarize.go:71.2,71.11 1 0
github.com/diegofsousa/explicAI/internal/gateway/mocks/summarize.go:74.108,77.2 2 4
github.com/diegofsousa/explicAI/internal/gateway/mocks/summarize.go:79.142,82.2 2 0
github.com/diegofsousa/explicAI/internal/gateway/mocks/summarize.go:85.105,88.19 2 4
github.com/diegofsousa/explicAI/internal/gateway/mocks/summarize.go:88.19,89.48 1 0
github.com/diegofsousa/explicAI/internal/gateway/mocks/summarize.go:92.2,94.95 3 4
github.com/diegofsousa/explicAI/internal/gateway/mocks/summarize.go:94.95,96.3 1 0
github.com/diegofsousa/explicAI/internal/gateway/mocks/summarize.go:97.2,97.86 1 4
github.com/diegofsousa/explicAI/internal/gateway/mocks/summarize.go:97.86,99.3 1 0
github.com/diegofsousa/explicAI/internal/gateway/mocks/summarize.go:99.8,100.24 1 4
github.com/diegofsousa/explicAI/internal/gateway/mocks/summarize.go:100.24,102.4 1 4
github.com/diegofsousa/explicAI/internal/gateway/mocks/summarize.go:105.2,105.68 1 4
github.com/diegofsousa/explicAI/internal/gateway/mocks/summarize.go:105.68,107.3 1 0
github.com/diegofsousa/explicAI/internal/gateway/mocks/summarize.go:107.8,109.3 1 4
github.com/diegofsousa/explicAI/internal/gateway/mocks/summarize.go:111.2,111.15 1 4
github.com/diegofsousa/explicAI/internal/gateway/mocks/summarize.go:122.105,124.2 1 4
github.com/diegofsousa/explicAI/internal/gateway/mocks/summarize.go:126.114,127.40 1 0
github.com/diegofsousa/explicAI/internal/gateway/mocks/summarize.go:127.40,129.3 1 0
github.com/diegofsousa/explicAI/internal/gateway/mocks/summarize.go:130.2,130.11 1 0
github.com/diegofsousa/explicAI/internal/gateway/mocks/summarize.go:133.104,136.2 2 4
github.com/diegofsousa/explicAI/internal/gateway/mocks/summarize.go:138.138,141.2 2 0
github.com/diegofsousa/explicAI/internal/gateway/mocks/summarize.go:148.15,152.19 3 0
github.com/diegofsousa/explicAI/internal/gateway/mocks/summarize.go:152.19,152.49 1 0
github.com/diegofsousa/explicAI/internal/gateway/mocks/summarize.go:154.2,154.13 1 0
github.com/diegofsousa/explicAI/internal/infrastructure/log/util.go:11.29,13.16 2 29
github.com/diegofsousa/explicAI/internal/infrastructure/log/util.go:13.16,15.13 2 0
github.com/diegofsousa/explicAI/internal/infrastructure/log/util.go:17.2,18.15 2 29
github.com/diegofsousa/explicAI/internal/infrastructure/log/util.go:21.43,27.2 4 29
github.com/diegofsousa/explicAI/internal/infrastructure/log/util.go:29.60,31.9 2 29
github.com/diegofsousa/explicAI/internal/infrastructure/log/util.go:31.9,33.3 1 29
github.com/diegofsousa/explicAI/internal/infrastructure/log/util.go:34.2,34.15 1 0
github.com/diegofsousa/explicAI/internal/infrastructure/log/util.go:37.72,39.19 2 22
github.com/diegofsousa/explicAI/internal/infrastructure/log/util.go:39.19,41.3 1 22
github.com/diegofsousa/explicAI/internal/infrastructure/log/util.go:44.84,46.19 2 7
github.com/diegofsousa/explicAI/internal/infrastructure/log/util.go:46.19,48.3 1 7
github.com/diegofsousa/explicAI/internal/infrastructure/log/util.go:51.72,53.19 2 0
github.com/diegofsousa/explicAI/internal/infrastructure/log/util.go:53.19,55.3 1 0
github.com/diegofsousa/explicAI/internal/infrastructure/log/util.go:58.73,60.19 2 0
github.com/diegofsousa/explicAI/internal/infrastructure/log/util.go:60.19,62.3 1 0
github.com/diegofsousa/explicAI/internal/application/service/mocks/summary.go:23.61,25.2 1 10
github.com/diegofsousa/explicAI/internal/application/service/mocks/summary.go:28.134,31.19 2 3
github.com/diegofsousa/explicAI/internal/application/service/mocks/summary.go:31.19,32.75 1 0
github.com/diegofsousa/explicAI/internal/application/service/mocks/summary.go:35.2,37.100 3 3
github.com/diegofsousa/explicAI/internal/application/service/mocks/summary.go:37.100,39.3 1 0
github.com/diegofsousa/explicAI/internal/application/service/mocks/summary.go:40.2,40.91 1 3
github.com/diegofsousa/explicAI/internal/application/service/mocks/summary.go:40.91,42.3 1 0
github.com/diegofsousa/explicAI/internal/application/service/mocks/summary.go:42.8,43.24 1 3
github.com/diegofsousa/explicAI/internal/application/service/mocks/summary.go:43.24,45.4 1 3
github.com/diegofsousa/explicAI/internal/application/service/mocks/summary.go:48.2,48.68 1 3
github.com/diegofsousa/explicAI/internal/application/service/mocks/summary.go:48.68,50.3 1 0
github.com/diegofsousa/explicAI/internal/application/service/mocks/summary.go:50.8,52.3 1 3
github.com/diegofsousa/explicAI/internal/application/service/mocks/summary.go:54.2,54.15 1 3
github.com/diegofsousa/explicAI/internal/application/service/mocks/summary.go:65.161,67.2 1 2
github.com/diegofsousa/explicAI/internal/application/service/mocks/summary.go:69.170,70.40 1 0
github.com/diegofsousa/explicAI/internal/application/service/mocks/summary.go:70.40,72.3 1 0
github.com/diegofsousa/explicAI/internal/application/service/mocks/summary.go:73.2,73.11 1 0
github.com/diegofsousa/explicAI/internal/application/service/mocks/summary.go:76.173,79.2 2 2
github.com/diegofsousa/explicAI/internal/application/service/mocks/summary.go:81.207,84.2 2 0
github.com/diegofsousa/explicAI/internal/application/service/mocks/summary.go:87.102,90.19 2 3
github.com/diegofsousa/explicAI/internal/application/service/mocks/summary.go:90.19,91.67 1 0
github.com/diegofsousa/explicAI/internal/application/service/mocks/summary.go:94.2,95.71 2 3
github.com/diegofsousa/explicAI/internal/application/service/mocks/summary.go:95.71,97.3 1 0
github.com/diegofsousa/explicAI/internal/application/service/mocks/summary.go:97.8,99.3 1 3
github.com/diegofsousa/explicAI/internal/application/service/mocks/summary.go:101.2,101.11 1 3
github.com/diegofsousa/explicAI/internal/application/service/mocks/summary.go:112.150,114.2 1 3
github.com/diegofsousa/explicAI/internal/application/service/mocks/summary.go:116.162,117.40 1 0
github.com/diegofsousa/explicAI/internal/application/service/mocks/summary.go:117.40,119.3 1 0
github.com/diegofsousa/explicAI/internal/application/service/mocks/summary.go:120.2,120.11 1 0
github.com/diegofsousa/explicAI/internal/application/service/mocks/summary.go:123.123,126.2 2 3
github.com/diegofsousa/explicAI/internal/application/service/mocks/summary.go:128.162,131.2 2 0
github.com/diegofsousa/explicAI/internal/application/service/mocks/summary.go:134.133,137.19 2 3
github.com/diegofsousa/explicAI/internal/application/service/mocks/summary.go:137.19,138.64 1 0
github.com/diegofsousa/explicAI/internal/application/service/mocks/summary.go:141.2,143.105 3 3
github.com/diegofsousa/explicAI/internal/application/service/mocks/summary.go:143.105,145.3 1 0
github.com/diegofsousa/explicAI/internal/application/service/mocks/summary.go:146.2,146.96 1 3
github.com/diegofsousa/explicAI/internal/application/service/mocks/summary.go:146.96,148.3 1 0
github.com/diegofsousa/explicAI/internal/application/service/mocks/summary.go:148.8,149.24 1 3
github.com/diegofsousa/explicAI/internal/application/service/mocks/summary.go:149.24,151.4 1 3
github.com/diegofsousa/explicAI/internal/application/service/mocks/summary.go:154.2,154.71 1 3
github.com/diegofsousa/explicAI/internal/application/service/mocks/summary.go:154.71,156.3 1 0
github.com/diegofsousa/explicAI/internal/application/service/mocks/summary.go:156.8,158.3 1 3
github.com/diegofsousa/explicAI/internal/application/service/mocks/summary.go:160.2,160.15 1 3
github.com/diegofsousa/explicAI/internal/application/service/mocks/summary.go:171.144,173.2 1 3
github.com/diegofsousa/explicAI/internal/application/service/mocks/summary.go:175.156,176.40 1 0
github.com/diegofsousa/explicAI/internal/application/service/mocks/summary.go:176.40,178.3 1 0
github.com/diegofsousa/explicAI/internal/application/service/mocks/summary.go:179.2,179.11 1 0
github.com/diegofsousa/explicAI/internal/application/service/mocks/summary.go:182.153,185.2 2 3
github.com/diegofsousa/explicAI/internal/application/service/mocks/summary.go:187.190,190.2 2 0
github.com/diegofsousa/explicAI/internal/application/service/mocks/summary.go:193.98,196.19 2 2
github.com/diegofsousa/explicAI/internal/application/service/mocks/summary.go:196.19,197.55 1 0
github.com/diegofsousa/explicAI/internal/application/service/mocks/summary.go:200.2,202.90 3 2
github.com/diegofsousa/explicAI/internal/application/service/mocks/summary.go:202.90,204.3 1 0
github.com/diegofsousa/explicAI/internal/application/service/mocks/summary.go:205.2,205.81 1 2
github.com/diegofsousa/explicAI/internal/application/service/mocks/summary.go:205.81,207.3 1 0
github.com/diegofsousa/explicAI/internal/application/service/mocks/summary.go:207.8,208.24 1 2
github.com/diegofsousa/explicAI/internal/application/service/mocks/summary.go:208.24,210.4 1 2
github.com/diegofsousa/explicAI/internal/application/service/mocks/summary.go:213.2,213.60 1 2
github.com/diegofsousa/explicAI/internal/application/service/mocks/summary.go:213.60,215.3 1 0
github.com/diegofsousa/explicAI/internal/application/service/mocks/summary.go:215.8,217.3 1 2
github.com/diegofsousa/explicAI/internal/application/service/mocks/summary.go:219.2,219.15 1 2
github.com/diegofsousa/explicAI/internal/application/service/mocks/summary.go:229.102,231.2 1 2
github.com/diegofsousa/explicAI/internal/application/service/mocks/summary.go:233.116,234.40 1 0
github.com/diegofsousa/explicAI/internal/application/service/mocks/summary.go:234.40,236.3 1 0
github.com/diegofsousa/explicAI/internal/application/service/mocks/summary.go:237.2,237.11 1 0
github.com/diegofsousa/explicAI/internal/application/service/mocks/summary.go:240.131,243.2 2 2
github.com/diegofsousa/explicAI/internal/application/service/mocks/summary.go:245.157,248.2 2 0
github.com/diegofsousa/explicAI/internal/application/service/mocks/summary.go:255.20,259.19 3 0
github.com/diegofsousa/explicAI/internal/application/service/mocks/summary.go:259.19,259.49 1 0
github.com/diegofsousa/explicAI/internal/application/service/mocks/summary.go:261.2,261.13 1 0
github.com/diegofsousa/explicAI/internal/infrastructure/api/controller.go:23.70,27.2 1 14
github.com/diegofsousa/explicAI/internal/infrastructure/api/controller.go:29.55,34.2 4 14
github.com/diegofsousa/explicAI/internal/infrastructure/api/controller.go:36.56,39.16 3 7
github.com/diegofsousa/explicAI/internal/infrastructure/api/controller.go:39.16,41.3 1 4
github.com/diegofsousa/explicAI/internal/infrastructure/api/controller.go:43.2,44.16 2 3
github.com/diegofsousa/explicAI/internal/infrastructure/api/controller.go:44.16,46.3 1 2
github.com/diegofsousa/explicAI/internal/infrastructure/api/controller.go:48.2,48.43 1 1
github.com/diegofsousa/explicAI/internal/infrastructure/api/controller.go:51.63,55.16 3 2
github.com/diegofsousa/explicAI/internal/infrastructure/api/controller.go:55.16,57.3 1 1
github.com/diegofsousa/explicAI/internal/infrastructure/api/controller.go:59.2,59.38 1 1
github.com/diegofsousa/explicAI/internal/infrastructure/api/controller.go:62.72,67.16 4 4
github.com/diegofsousa/explicAI/internal/infrastructure/api/controller.go:67.16,69.3 1 1
github.com/diegofsousa/explicAI/internal/infrastructure/api/controller.go:71.2,72.16 2 3
github.com/diegofsousa/explicAI/internal/infrastructure/api/controller.go:72.16,74.3 1 2
github.com/diegofsousa/explicAI/internal/infrastructure/api/controller.go:76.2,76.38 1 1
github.com/diegofsousa/explicAI/internal/infrastructure/api/controller.go:79.75,84.16 4 4
github.com/diegofsousa/explicAI/internal/infrastructure/api/controller.go:84.16,86.3 1 1
github.com/diegofsousa/explicAI/internal/infrastructure/api/controller.go:88.2,89.16 2 3
github.com/diegofsousa/explicAI/internal/infrastructure/api/controller.go:89.16,91.3 1 2
github.com/diegofsousa/explicAI/internal/infrastructure/api/controller.go:93.2,95.4 1 1
github.com/diegofsousa/explicAI/internal/infrastructure/api/controller.go:98.99,100.16 2 7
github.com/diegofsousa/explicAI/internal/infrastructure/api/controller.go:100.16,103.3 2 2
github.com/diegofsousa/explicAI/internal/infrastructure/api/controller.go:105.2,116.39 3 5
github.com/diegofsousa/explicAI/internal/infrastructure/api/controller.go:116.39,118.3 1 2
github.com/diegofsousa/explicAI/internal/infrastructure/api/controller.go:120.2,121.16 2 3
github.com/diegofsousa/explicAI/internal/infrastructure/api/controller.go:121.16,124.3 2 0
github.com/diegofsousa/explicAI/internal/infrastructure/api/controller.go:125.2,128.46 3 3
github.com/diegofsousa/explicAI/internal/infrastructure/api/controller.go:128.46,131.3 2 0
github.com/diegofsousa/explicAI/internal/infrastructure/api/controller.go:133.2,133.25 1 3
github.com/diegofsousa/explicAI/internal/infrastructure/errors/error.go:10.46,11.27 1 13
github.com/diegofsousa/explicAI/internal/infrastructure/errors/error.go:12.89,13.28 1 6
github.com/diegofsousa/explicAI/internal/infrastructure/errors/error.go:14.35,15.26 1 2
github.com/diegofsousa/explicAI/internal/infrastructure/errors/error.go:16.34,17.37 1 0
github.com/diegofsousa/explicAI/internal/infrastructure/errors/error.go:18.10,19.37 1 5
github.com/diegofsousa/explicAI/internal/infrastructure/log/util.go:11.29,13.16 2 2
github.com/diegofsousa/explicAI/internal/infrastructure/log/util.go:13.16,15.13 2 0
github.com/diegofsousa/explicAI/internal/infrastructure/log/util.go:17.2,18.15 2 2
github.com/diegofsousa/explicAI/internal/infrastructure/log/util.go:21.43,27.2 4 2
github.com/diegofsousa/explicAI/internal/infrastructure/log/util.go:29.60,31.9 2 2
github.com/diegofsousa/explicAI/internal/infrastructure/log/util.go:31.9,33.3 1 2
github.com/diegofsousa/explicAI/internal/infrastructure/log/util.go:34.2,34.15 1 0
github.com/diegofsousa/explicAI/internal/infrastructure/log/util.go:37.72,39.19 2 0
github.com/diegofsousa/explicAI/internal/infrastructure/log/util.go:39.19,41.3 1 0
github.com/diegofsousa/explicAI/internal/infrastructure/log/util.go:44.84,46.19 2 2
github.com/diegofsousa/explicAI/internal/infrastructure/log/util.go:46.19,48.3 1 2
github.com/diegofsousa/explicAI/internal/infrastructure/log/util.go:51.72,53.19 2 0
github.com/diegofsousa/explicAI/internal/infrastructure/log/util.go:53.19,55.3 1 0
github.com/diegofsousa/explicAI/internal/infrastructure/log/util.go:58.73,60.19 2 0
github.com/diegofsousa/explicAI/internal/infrastructure/log/util.go:60.19,62.3 1 0
github.com/diegofsousa/explicAI/internal/infrastructure/clients/basehttp.go:16.57,24.2 2 2
github.com/diegofsousa/explicAI/internal/infrastructure/clients/testutil.go:20.81,23.16 3 8
github.com/diegofsousa/explicAI/internal/infrastructure/clients/testutil.go:23.16,24.51 1 0
github.com/diegofsousa/explicAI/internal/infrastructure/clients/testutil.go:26.2,29.15 4 8
github.com/diegofsousa/explicAI/internal/infrastructure/clients/testutil.go:32.64,33.54 1 8
github.com/diegofsousa/explicAI/internal/infrastructure/clients/testutil.go:33.54,34.77 1 8
github.com/diegofsousa/explicAI/internal/infrastructure/clients/testutil.go:34.77,37.4 2 0
github.com/diegofsousa/explicAI/internal/infrastructure/clients/testutil.go:39.3,39.69 1 8
github.com/diegofsousa/explicAI/internal/infrastructure/clients/testutil.go:43.87,46.27 3 8
github.com/diegofsousa/explicAI/internal/infrastructure/clients/testutil.go:46.27,48.3 1 7
github.com/diegofsousa/explicAI/internal/infrastructure/clients/chatgpt/client.go:91.79,98.2 1 2
github.com/diegofsousa/explicAI/internal/infrastructure/clients/chatgpt/client.go:102.3,112.39 5 5
github.com/diegofsousa/explicAI/internal/infrastructure/clients/chatgpt/client.go:112.39,114.3 1 1
github.com/diegofsousa/explicAI/internal/infrastructure/clients/chatgpt/client.go:116.2,116.16 1 4
github.com/diegofsousa/explicAI/internal/infrastructure/clients/chatgpt/client.go:116.16,118.3 1 0
github.com/diegofsousa/explicAI/internal/infrastructure/clients/chatgpt/client.go:120.2,121.65 2 4
github.com/diegofsousa/explicAI/internal/infrastructure/clients/chatgpt/client.go:121.65,123.3 1 1
github.com/diegofsousa/explicAI/internal/infrastructure/clients/chatgpt/client.go:125.2,126.23 2 3
github.com/diegofsousa/explicAI/internal/infrastructure/clients/chatgpt/client.go:126.23,128.3 1 1
github.com/diegofsousa/explicAI/internal/infrastructure/clients/chatgpt/client.go:130.2,131.100 2 2
github.com/diegofsousa/explicAI/internal/infrastructure/clients/chatgpt/client.go:131.100,133.3 1 1
github.com/diegofsousa/explicAI/internal/infrastructure/clients/chatgpt/client.go:135.2,135.23 1 1
github.com/diegofsousa/explicAI/internal/infrastructure/clients/chatgpt/client.go:138.95,149.39 5 3
github.com/diegofsousa/explicAI/internal/infrastructure/clients/chatgpt/client.go:149.39,151.3 1 0
github.com/diegofsousa/explicAI/internal/infrastructure/clients/chatgpt/client.go:153.2,153.16 1 3
github.com/diegofsousa/explicAI/internal/infrastructure/clients/chatgpt/client.go:153.16,155.3 1 0
github.com/diegofsousa/explicAI/internal/infrastructure/clients/chatgpt/client.go:157.2,158.61 2 3
github.com/diegofsousa/explicAI/internal/infrastructure/clients/chatgpt/client.go:158.61,160.3 1 1
github.com/diegofsousa/explicAI/internal/infrastructure/clients/chatgpt/client.go:162.2,162.77 1 2
github.com/diegofsousa/explicAI/internal/infrastructure/clients/chatgpt/client.go:162.77,164.3 1 1
github.com/diegofsousa/explicAI/internal/infrastructure/clients/chatgpt/client.go:166.2,167.27 2 1
github.com/diegofsousa/explicAI/internal/infrastructure/clients/chatgpt/client.go:170.86,190.2 2 5
github.com/diegofsousa/explicAI/internal/infrastructure/clients/chatgpt/client.go:192.44,219.2 1 5
github.com/diegofsousa/explicAI/internal/infrastructure/clients/chatgpt/client.go:221.90,237.2 2 3
github.com/diegofsousa/explicAI/internal/infrastructure/clients/basehttp.go:16.57,24.2 2 1
github.com/diegofsousa/explicAI/internal/infrastructure/clients/testutil.go:20.81,23.16 3 4
github.com/diegofsousa/explicAI/internal/infrastructure/clients/testutil.go:23.16,24.51 1 0
github.com/diegofsousa/explicAI/internal/infrastructure/clients/testutil.go:26.2,29.15 4 4
github.com/diegofsousa/explicAI/internal/infrastructure/clients/testutil.go:32.64,33.54 1 4
github.com/diegofsousa/explicAI/internal/infrastructure/clients/testutil.go:33.54,34.77 1 4
github.com/diegofsousa/explicAI/internal/infrastructure/clients/testutil.go:34.77,37.4 2 0
github.com/diegofsousa/explicAI/internal/infrastructure/clients/testutil.go:39.3,39.69 1 4
github.com/diegofsousa/explicAI/internal/infrastructure/clients/testutil.go:43.87,46.27 3 4
github.com/diegofsousa/explicAI/internal/infrastructure/clients/testutil.go:46.27,48.3 1 3
github.com/diegofsousa/explicAI/internal/infrastructure/clients/whisper/client.go:28.79,35.2 1 1
github.com/diegofsousa/explicAI/internal/infrastructure/clients/whisper/client.go:37.81,41.16 4 4
github.com/diegofsousa/explicAI/internal/infrastructure/clients/whisper/client.go:41.16,43.3 1 0
github.com/diegofsousa/explicAI/internal/infrastructure/clients/whisper/client.go:45.2,46.16 2 4
github.com/diegofsousa/explicAI/internal/infrastructure/clients/whisper/client.go:46.16,48.3 1 0
github.com/diegofsousa/explicAI/internal/infrastructure/clients/whisper/client.go:50.2,52.16 3 4
github.com/diegofsousa/explicAI/internal/infrastructure/clients/whisper/client.go:52.16,54.3 1 0
github.com/diegofsousa/explicAI/internal/infrastructure/clients/whisper/client.go:56.2,66.39 5 4
github.com/diegofsousa/explicAI/internal/infrastructure/clients/whisper/client.go:66.39,70.3 1 1
github.com/diegofsousa/explicAI/internal/infrastructure/clients/whisper/client.go:72.2,72.16 1 3
github.com/diegofsousa/explicAI/internal/infrastructure/clients/whisper/client.go:72.16,74.3 1 0
github.com/diegofsousa/explicAI/internal/infrastructure/clients/whisper/client.go:76.2,77.61 2 3
github.com/diegofsousa/explicAI/internal/infrastructure/clients/whisper/client.go:77.61,79.3 1 1
github.com/diegofsousa/explicAI/internal/infrastructure/clients/whisper/client.go:81.2,81.25 1 2
github.com/diegofsousa/explicAI/internal/infrastructure/clients/whisper/client.go:81.25,83.3 1 1
github.com/diegofsousa/explicAI/internal/infrastructure/clients/whisper/client.go:85.2,85.28 1 1
github.com/diegofsousa/explicAI/internal/infrastructure/db/pgconnection.go:14.48,18.2 1 5
github.com/diegofsousa/explicAI/internal/infrastructure/db/pgconnection.go:20.72,23.16 2 28
github.com/diegofsousa/explicAI/internal/infrastructure/db/pgconnection.go:23.16,25.3 1 1
github.com/diegofsousa/explicAI/internal/infrastructure/db/pgconnection.go:27.2,27.18 1 27
github.com/diegofsousa/explicAI/internal/infrastructure/db/pgconnection.go:30.72,32.16 2 27
github.com/diegofsousa/explicAI/internal/infrastructure/db/pgconnection.go:32.16,34.3 1 0
github.com/diegofsousa/explicAI/internal/infrastructure/db/pgconnection.go:36.2,36.12 1 27
github.com/diegofsousa/explicAI/internal/infrastructure/db/summary.go:18.46,22.2 1 2
github.com/diegofsousa/explicAI/internal/infrastructure/db/summary.go:24.121,26.16 2 14
github.com/diegofsousa/explicAI/internal/infrastructure/db/summary.go:26.16,28.3 1 1
github.com/diegofsousa/explicAI/internal/infrastructure/db/summary.go:30.2,47.16 7 13
github.com/diegofsousa/explicAI/internal/infrastructure/db/summary.go:47.16,49.3 1 0
github.com/diegofsousa/explicAI/internal/infrastructure/db/summary.go:51.2,51.21 1 13
github.com/diegofsousa/explicAI/internal/infrastructure/db/summary.go:54.119,56.16 2 2
github.com/diegofsousa/explicAI/internal/infrastructure/db/summary.go:56.16,58.3 1 0
github.com/diegofsousa/explicAI/internal/infrastructure/db/summary.go:60.2,75.16 5 2
github.com/diegofsousa/explicAI/internal/infrastructure/db/summary.go:75.16,77.3 1 0
github.com/diegofsousa/explicAI/internal/infrastructure/db/summary.go:79.2,79.33 1 2
github.com/diegofsousa/explicAI/internal/infrastructure/db/summary.go:79.33,81.3 1 1
github.com/diegofsousa/explicAI/internal/infrastructure/db/summary.go:83.2,83.12 1 1
github.com/diegofsousa/explicAI/internal/infrastructure/db/summary.go:86.117,88.16 2 2
github.com/diegofsousa/explicAI/internal/infrastructure/db/summary.go:88.16,90.3 1 0
github.com/diegofsousa/explicAI/internal/infrastructure/db/summary.go:92.2,112.16 5 2
github.com/diegofsousa/explicAI/internal/infrastructure/db/summary.go:112.16,114.3 1 0
github.com/diegofsousa/explicAI/internal/infrastructure/db/summary.go:116.2,116.33 1 2
github.com/diegofsousa/explicAI/internal/infrastructure/db/summary.go:116.33,118.3 1 0
github.com/diegofsousa/explicAI/internal/infrastructure/db/summary.go:120.2,120.12 1 2
github.com/diegofsousa/explicAI/internal/infrastructure/db/summary.go:123.89,125.16 2 2
github.com/diegofsousa/explicAI/internal/infrastructure/db/summary.go:125.16,127.3 1 0
github.com/diegofsousa/explicAI/internal/infrastructure/db/summary.go:129.2,151.16 5 2
github.com/diegofsousa/explicAI/internal/infrastructure/db/summary.go:151.16,153.3 1 0
github.com/diegofsousa/explicAI/internal/infrastructure/db/summary.go:155.2,155.18 1 2
github.com/diegofsousa/explicAI/internal/infrastructure/db/summary.go:155.18,170.17 3 8
github.com/diegofsousa/explicAI/internal/infrastructure/db/summary.go:170.17,172.4 1 0
github.com/diegofsousa/explicAI/internal/infrastructure/db/summary.go:174.3,174.41 1 8
github.com/diegofsousa/explicAI/internal/infrastructure/db/summary.go:176.2,176.23 1 2
github.com/diegofsousa/explicAI/internal/infrastructure/db/summary.go:179.120,181.16 2 2
github.com/diegofsousa/explicAI/internal/infrastructure/db/summary.go:181.16,183.3 1 0
github.com/diegofsousa/explicAI/internal/infrastructure/db/summary.go:185.2,220.16 6 2
github.com/diegofsousa/explicAI/internal/infrastructure/db/summary.go:220.16,221.36 1 0
github.com/diegofsousa/explicAI/internal/infrastructure/db/summary.go:221.36,223.4 1 0
github.com/diegofsousa/explicAI/internal/infrastructure/db/summary.go:224.3,224.18 1 0
github.com/diegofsousa/explicAI/internal/infrastructure/db/summary.go:227.2,227.22 1 2
github.com/diegofsousa/explicAI/internal/infrastructure/db/summary.go:230.94,232.16 2 3
github.com/diegofsousa/explicAI/internal/infrastructure/db/summary.go:232.16,234.3 1 0
github.com/diegofsousa/explicAI/internal/infrastructure/db/summary.go:236.2,245.16 4 3
github.com/diegofsousa/explicAI/internal/infrastructure/db/summary.go:245.16,247.3 1 0
github.com/diegofsousa/explicAI/internal/infrastructure/db/summary.go:249.2,249.29 1 3
github.com/diegofsousa/explicAI/internal/infrastructure/db/summary.go:249.29,251.3 1 1
github.com/diegofsousa/explicAI/internal/infrastructure/db/summary.go:253.2,253.12 1 2
